<?xml version="1.0" encoding="UTF-8"?>
<testng-results ignored="0" total="1" passed="1" failed="0" skipped="0">
  <reporter-output>
  </reporter-output>
  <suite started-at="2025-02-02T21:23:23 IST" name="Default suite" finished-at="2025-02-02T21:23:27 IST" duration-ms="4671">
    <groups>
    </groups>
    <test started-at="2025-02-02T21:23:23 IST" name="Default test" finished-at="2025-02-02T21:23:27 IST" duration-ms="4671">
      <class name="day1restAssured.HttpRequest">
        <test-method signature="getUser()[pri:0, instance:day1restAssured.HttpRequest@515aebb0]" started-at="2025-02-02T21:23:23 IST" name="getUser" finished-at="2025-02-02T21:23:27 IST" duration-ms="4559" status="PASS">
          <reporter-output>
          </reporter-output>
        </test-method> <!-- getUser -->
      </class> <!-- day1restAssured.HttpRequest -->
    </test> <!-- Default test -->
  </suite> <!-- Default suite -->
</testng-results>
