<?xml version="1.0" encoding="UTF-8"?>
<!-- Generated by org.testng.reporters.JUnitXMLReporter -->
<testsuite ignored="2" hostname="DESKTOP-DHFHEL6" failures="0" tests="1" name="Default test" time="7.741" errors="0" timestamp="2025-03-28T13:39:55 IST">
  <testcase classname="practiceTest2.SampleReportTest" name="createContactTest" time="7.667"/>
  <testcase classname="practiceTest2.SampleReportTest" name="createContactWithPhoneNumber" time="0.0">
    <ignored/>
  </testcase> <!-- createContactWithPhoneNumber -->
  <testcase classname="practiceTest2.SampleReportTest" name="createContactWitORG" time="0.0">
    <ignored/>
  </testcase> <!-- createContactWitORG -->
</testsuite> <!-- Default test -->
