<?xml version="1.0" encoding="UTF-8"?>
<!-- Generated by org.testng.reporters.JUnitXMLReporter -->
<testsuite ignored="0" hostname="DESKTOP-DHFHEL6" failures="0" tests="4" name="Test" time="0.138" errors="0" timestamp="2025-03-25T15:30:19 IST">
  <testcase classname="practiceTestNG.CreateContact_DP_Test" name="CreateContact" time="0.018"/>
  <testcase classname="practiceTestNG.CreateContact_DP_Test" name="CreateContact" time="0.005"/>
  <testcase classname="practiceTestNG.CreateContact_DP_Test" name="CreateContact" time="0.009"/>
  <testcase classname="practiceTestNG.CreateContact_DP_Test2" name="CreateContact" time="0.0">
    <skipped/>
  </testcase> <!-- CreateContact -->
</testsuite> <!-- Test -->
