<?xml version="1.0" encoding="UTF-8"?>
<testng-results ignored="2" total="3" passed="1" failed="0" skipped="0">
  <reporter-output>
  </reporter-output>
  <suite started-at="2025-03-28T13:39:47 IST" name="Default suite" finished-at="2025-03-28T13:39:54 IST" duration-ms="7741">
    <groups>
    </groups>
    <test started-at="2025-03-28T13:39:47 IST" name="Default test" finished-at="2025-03-28T13:39:54 IST" duration-ms="7741">
      <class name="practiceTest2.SampleReportTest">
        <test-method is-config="true" signature="configBS()[pri:0, instance:practiceTest2.SampleReportTest@245b4bdc]" started-at="2025-03-28T13:39:46 IST" name="configBS" finished-at="2025-03-28T13:39:47 IST" duration-ms="511" status="PASS">
          <reporter-output>
          </reporter-output>
        </test-method> <!-- configBS -->
        <test-method signature="createContactTest()[pri:0, instance:practiceTest2.SampleReportTest@245b4bdc]" started-at="2025-03-28T13:39:47 IST" name="createContactTest" finished-at="2025-03-28T13:39:54 IST" duration-ms="7667" status="PASS">
          <reporter-output>
          </reporter-output>
        </test-method> <!-- createContactTest -->
        <test-method is-config="true" signature="configAS()[pri:0, instance:practiceTest2.SampleReportTest@245b4bdc]" started-at="2025-03-28T13:39:55 IST" name="configAS" finished-at="2025-03-28T13:39:55 IST" duration-ms="651" status="PASS">
          <reporter-output>
          </reporter-output>
        </test-method> <!-- configAS -->
      </class> <!-- practiceTest2.SampleReportTest -->
    </test> <!-- Default test -->
  </suite> <!-- Default suite -->
</testng-results>
